2015-11-10 18:46:32,708: ERROR  MyConf.cc:38:load Config fail
2015-11-10 19:23:25,976: ERROR  MyConf.cc:38:load Config fail
2015-11-10 23:59:32,034: ERROR  Diction.cc:35:loadIndexFile error
2015-11-11 15:22:14,881: ERROR  Index.cc:43:loadIndexVecFromDictFile
2015-11-11 15:23:10,593: ERROR  Index.cc:44:loadIndexVecFromDictFile
2015-11-11 15:27:16,614: ERROR  Index.cc:44:loadIndexVecFromDictFile
2015-11-11 15:28:46,809: ERROR  Index.cc:44:loadIndexVecFromDictFile
2015-11-11 21:45:35,728: ERROR  Index.cc:40:loadIndexVecFromDictFile
2015-11-11 22:00:21,843: ERROR  Index.cc:40:loadIndexVecFromDictFile
2015-11-12 16:33:16,674: ERROR  Cache.cc:88:loadCacheFile
2015-11-12 17:25:58,246: INFO  Timer.cc:90:poll timeout

2015-11-12 17:25:58,923: INFO  Timer.cc:90:poll timeout

2015-11-12 17:25:59,528: INFO  Timer.cc:90:poll timeout

2015-11-12 17:26:00,129: INFO  Timer.cc:90:poll timeout

2015-11-12 17:26:01,266: INFO  Timer.cc:90:poll timeout

2015-11-12 17:26:01,868: INFO  Timer.cc:90:poll timeout

2015-11-12 17:26:02,470: INFO  Timer.cc:90:poll timeout

2015-11-12 17:26:03,074: INFO  Timer.cc:90:poll timeout

2015-11-12 17:26:03,685: INFO  Timer.cc:90:poll timeout

2015-11-12 17:26:04,301: INFO  Timer.cc:90:poll timeout

2015-11-12 17:26:04,908: INFO  Timer.cc:90:poll timeout

2015-11-12 17:26:05,519: INFO  Timer.cc:90:poll timeout

2015-11-12 17:26:06,255: INFO  Timer.cc:90:poll timeout

2015-11-12 17:26:06,870: INFO  Timer.cc:90:poll timeout

2015-11-12 17:26:07,471: INFO  Timer.cc:90:poll timeout

2015-11-12 17:26:08,087: INFO  Timer.cc:90:poll timeout

2015-11-12 17:26:08,692: INFO  Timer.cc:90:poll timeout

2015-11-12 17:26:09,309: INFO  Timer.cc:90:poll timeout

2015-11-12 17:26:09,911: INFO  Timer.cc:90:poll timeout

2015-11-12 17:26:10,523: INFO  Timer.cc:90:poll timeout

2015-11-12 17:26:11,247: INFO  Timer.cc:90:poll timeout

2015-11-12 17:26:11,849: INFO  Timer.cc:90:poll timeout

2015-11-12 17:26:12,451: INFO  Timer.cc:90:poll timeout

2015-11-12 17:26:13,061: INFO  Timer.cc:90:poll timeout

2015-11-12 17:26:13,662: INFO  Timer.cc:90:poll timeout

2015-11-12 17:26:14,277: INFO  Timer.cc:90:poll timeout

2015-11-12 17:26:14,879: INFO  Timer.cc:90:poll timeout

2015-11-12 17:26:15,480: INFO  Timer.cc:90:poll timeout

2015-11-12 17:26:16,257: INFO  Timer.cc:90:poll timeout

2015-11-12 17:26:16,860: INFO  Timer.cc:90:poll timeout

2015-11-12 17:26:17,461: INFO  Timer.cc:90:poll timeout

2015-11-12 17:26:18,062: INFO  Timer.cc:90:poll timeout

2015-11-12 17:26:18,674: INFO  Timer.cc:90:poll timeout

2015-11-12 17:26:19,287: INFO  Timer.cc:90:poll timeout

2015-11-12 17:26:19,893: INFO  Timer.cc:90:poll timeout

2015-11-12 17:26:20,507: INFO  Timer.cc:90:poll timeout

2015-11-12 17:26:21,252: INFO  Timer.cc:90:poll timeout

2015-11-12 17:26:21,853: INFO  Timer.cc:90:poll timeout

2015-11-12 17:26:22,455: INFO  Timer.cc:90:poll timeout

2015-11-12 17:26:23,057: INFO  Timer.cc:90:poll timeout

2015-11-12 17:26:23,671: INFO  Timer.cc:90:poll timeout

2015-11-12 17:26:24,287: INFO  Timer.cc:90:poll timeout

2015-11-12 17:26:24,903: INFO  Timer.cc:90:poll timeout

2015-11-12 17:26:25,504: INFO  Timer.cc:90:poll timeout

2015-11-12 17:26:26,260: INFO  Timer.cc:90:poll timeout

2015-11-12 17:26:26,877: INFO  Timer.cc:90:poll timeout

2015-11-12 17:26:27,493: INFO  Timer.cc:90:poll timeout

2015-11-12 17:26:28,094: INFO  Timer.cc:90:poll timeout

2015-11-12 17:26:28,695: INFO  Timer.cc:90:poll timeout

2015-11-12 17:26:29,311: INFO  Timer.cc:90:poll timeout

2015-11-12 17:26:29,917: INFO  Timer.cc:90:poll timeout

2015-11-12 17:26:30,518: INFO  Timer.cc:90:poll timeout

2015-11-12 17:26:31,248: INFO  Timer.cc:90:poll timeout

2015-11-12 17:26:31,849: INFO  Timer.cc:90:poll timeout

2015-11-12 17:26:32,450: INFO  Timer.cc:90:poll timeout

2015-11-12 17:26:33,052: INFO  Timer.cc:90:poll timeout

2015-11-12 17:26:33,654: INFO  Timer.cc:90:poll timeout

2015-11-12 17:26:34,255: INFO  Timer.cc:90:poll timeout

2015-11-12 17:26:34,857: INFO  Timer.cc:90:poll timeout

2015-11-12 17:26:35,461: INFO  Timer.cc:90:poll timeout

2015-11-12 17:26:36,250: INFO  Timer.cc:90:poll timeout

2015-11-12 17:26:36,851: INFO  Timer.cc:90:poll timeout

2015-11-12 17:26:37,453: INFO  Timer.cc:90:poll timeout

2015-11-12 17:26:38,055: INFO  Timer.cc:90:poll timeout

2015-11-12 17:26:38,656: INFO  Timer.cc:90:poll timeout

2015-11-12 17:26:39,257: INFO  Timer.cc:90:poll timeout

2015-11-12 17:26:39,864: INFO  Timer.cc:90:poll timeout

2015-11-12 17:26:40,465: INFO  Timer.cc:90:poll timeout

2015-11-12 17:26:41,248: INFO  Timer.cc:90:poll timeout

2015-11-12 17:26:41,849: INFO  Timer.cc:90:poll timeout

2015-11-12 17:26:42,451: INFO  Timer.cc:90:poll timeout

2015-11-12 17:26:43,053: INFO  Timer.cc:90:poll timeout

2015-11-12 17:26:43,654: INFO  Timer.cc:90:poll timeout

2015-11-12 17:26:44,255: INFO  Timer.cc:90:poll timeout

2015-11-12 17:26:44,857: INFO  Timer.cc:90:poll timeout

2015-11-12 17:26:45,461: INFO  Timer.cc:90:poll timeout

2015-11-12 17:26:46,248: INFO  Timer.cc:90:poll timeout

2015-11-12 17:26:46,850: INFO  Timer.cc:90:poll timeout

2015-11-12 17:26:47,451: INFO  Timer.cc:90:poll timeout

2015-11-12 17:26:48,053: INFO  Timer.cc:90:poll timeout

2015-11-12 17:26:48,654: INFO  Timer.cc:90:poll timeout

2015-11-12 17:26:49,256: INFO  Timer.cc:90:poll timeout

2015-11-12 17:26:49,858: INFO  Timer.cc:90:poll timeout

2015-11-12 17:26:50,521: INFO  Timer.cc:90:poll timeout

2015-11-12 17:26:51,251: INFO  Timer.cc:90:poll timeout

2015-11-12 17:26:51,852: INFO  Timer.cc:90:poll timeout

2015-11-12 17:26:52,453: INFO  Timer.cc:90:poll timeout

2015-11-12 17:26:53,055: INFO  Timer.cc:90:poll timeout

2015-11-12 17:26:53,659: INFO  Timer.cc:90:poll timeout

2015-11-12 17:26:54,260: INFO  Timer.cc:90:poll timeout

2015-11-12 17:26:54,863: INFO  Timer.cc:90:poll timeout

2015-11-12 17:26:55,466: INFO  Timer.cc:90:poll timeout

2015-11-12 17:26:56,249: INFO  Timer.cc:90:poll timeout

2015-11-12 17:26:56,851: INFO  Timer.cc:90:poll timeout

2015-11-12 17:26:57,452: INFO  Timer.cc:90:poll timeout

2015-11-12 17:26:58,053: INFO  Timer.cc:90:poll timeout

2015-11-12 17:26:58,655: INFO  Timer.cc:90:poll timeout

2015-11-12 17:26:59,271: INFO  Timer.cc:90:poll timeout

2015-11-12 17:26:59,872: INFO  Timer.cc:90:poll timeout

2015-11-12 17:27:00,478: INFO  Timer.cc:90:poll timeout

2015-11-12 17:27:01,252: INFO  Timer.cc:90:poll timeout

2015-11-12 17:27:01,853: INFO  Timer.cc:90:poll timeout

2015-11-12 17:27:02,455: INFO  Timer.cc:90:poll timeout

2015-11-12 17:27:03,056: INFO  Timer.cc:90:poll timeout

2015-11-12 17:27:03,659: INFO  Timer.cc:90:poll timeout

2015-11-12 17:27:04,262: INFO  Timer.cc:90:poll timeout

2015-11-12 17:27:04,866: INFO  Timer.cc:90:poll timeout

2015-11-12 17:27:05,468: INFO  Timer.cc:90:poll timeout

2015-11-12 17:27:06,249: INFO  Timer.cc:90:poll timeout

2015-11-12 17:27:06,853: INFO  Timer.cc:90:poll timeout

2015-11-12 17:27:07,454: INFO  Timer.cc:90:poll timeout

2015-11-12 17:27:08,059: INFO  Timer.cc:90:poll timeout

2015-11-12 17:27:08,663: INFO  Timer.cc:90:poll timeout

2015-11-12 17:27:09,266: INFO  Timer.cc:90:poll timeout

2015-11-12 17:27:09,868: INFO  Timer.cc:90:poll timeout

2015-11-12 17:27:10,469: INFO  Timer.cc:90:poll timeout

2015-11-12 17:27:11,252: INFO  Timer.cc:90:poll timeout

2015-11-12 17:27:11,857: INFO  Timer.cc:90:poll timeout

2015-11-12 17:27:12,459: INFO  Timer.cc:90:poll timeout

2015-11-12 17:27:13,061: INFO  Timer.cc:90:poll timeout

2015-11-12 17:27:13,662: INFO  Timer.cc:90:poll timeout

2015-11-12 17:27:14,276: INFO  Timer.cc:90:poll timeout

2015-11-12 17:27:14,877: INFO  Timer.cc:90:poll timeout

2015-11-12 17:27:15,492: INFO  Timer.cc:90:poll timeout

2015-11-12 17:27:16,260: INFO  Timer.cc:90:poll timeout

2015-11-12 17:27:16,862: INFO  Timer.cc:90:poll timeout

2015-11-12 17:27:17,477: INFO  Timer.cc:90:poll timeout

2015-11-12 17:27:18,085: INFO  Timer.cc:90:poll timeout

2015-11-12 17:27:18,687: INFO  Timer.cc:90:poll timeout

2015-11-12 17:27:19,291: INFO  Timer.cc:90:poll timeout

2015-11-12 17:27:19,893: INFO  Timer.cc:90:poll timeout

2015-11-12 17:27:20,494: INFO  Timer.cc:90:poll timeout

2015-11-12 17:27:21,247: INFO  Timer.cc:90:poll timeout

2015-11-12 17:27:21,853: INFO  Timer.cc:90:poll timeout

2015-11-12 17:27:22,463: INFO  Timer.cc:90:poll timeout

2015-11-12 17:27:23,079: INFO  Timer.cc:90:poll timeout

2015-11-12 17:27:23,695: INFO  Timer.cc:90:poll timeout

2015-11-12 17:27:24,302: INFO  Timer.cc:90:poll timeout

2015-11-12 17:27:24,903: INFO  Timer.cc:90:poll timeout

2015-11-12 17:27:25,509: INFO  Timer.cc:90:poll timeout

2015-11-12 17:27:26,260: INFO  Timer.cc:90:poll timeout

2015-11-12 17:27:26,861: INFO  Timer.cc:90:poll timeout

2015-11-12 17:27:27,463: INFO  Timer.cc:90:poll timeout

2015-11-12 17:27:28,071: INFO  Timer.cc:90:poll timeout

2015-11-12 17:27:28,673: INFO  Timer.cc:90:poll timeout

2015-11-12 17:27:29,289: INFO  Timer.cc:90:poll timeout

2015-11-12 17:27:29,891: INFO  Timer.cc:90:poll timeout

2015-11-12 17:27:30,506: INFO  Timer.cc:90:poll timeout

2015-11-12 17:27:31,261: INFO  Timer.cc:90:poll timeout

2015-11-12 17:27:31,862: INFO  Timer.cc:90:poll timeout

2015-11-12 17:27:32,463: INFO  Timer.cc:90:poll timeout

2015-11-12 17:27:33,064: INFO  Timer.cc:90:poll timeout

2015-11-12 17:27:33,665: INFO  Timer.cc:90:poll timeout

2015-11-12 17:27:34,267: INFO  Timer.cc:90:poll timeout

2015-11-12 17:27:34,869: INFO  Timer.cc:90:poll timeout

2015-11-12 17:27:35,471: INFO  Timer.cc:90:poll timeout

2015-11-12 17:27:36,250: INFO  Timer.cc:90:poll timeout

2015-11-12 17:27:36,851: INFO  Timer.cc:90:poll timeout

2015-11-12 17:27:37,454: INFO  Timer.cc:90:poll timeout

2015-11-12 17:27:38,055: INFO  Timer.cc:90:poll timeout

2015-11-12 17:27:38,657: INFO  Timer.cc:90:poll timeout

2015-11-12 17:27:39,261: INFO  Timer.cc:90:poll timeout

2015-11-12 17:27:39,865: INFO  Timer.cc:90:poll timeout

2015-11-12 17:27:40,467: INFO  Timer.cc:90:poll timeout

2015-11-12 17:27:41,251: INFO  Timer.cc:90:poll timeout

2015-11-12 17:27:41,852: INFO  Timer.cc:90:poll timeout

2015-11-12 17:27:42,456: INFO  Timer.cc:90:poll timeout

2015-11-12 17:27:43,058: INFO  Timer.cc:90:poll timeout

2015-11-12 17:27:43,659: INFO  Timer.cc:90:poll timeout

2015-11-12 17:27:44,264: INFO  Timer.cc:90:poll timeout

2015-11-12 17:27:44,868: INFO  Timer.cc:90:poll timeout

2015-11-12 17:27:45,470: INFO  Timer.cc:90:poll timeout

2015-11-12 17:27:46,260: INFO  Timer.cc:90:poll timeout

2015-11-12 17:27:46,876: INFO  Timer.cc:90:poll timeout

2015-11-12 17:27:47,492: INFO  Timer.cc:90:poll timeout

2015-11-12 17:27:48,093: INFO  Timer.cc:90:poll timeout

2015-11-12 17:27:48,696: INFO  Timer.cc:90:poll timeout

2015-11-12 17:27:49,304: INFO  Timer.cc:90:poll timeout

2015-11-12 17:27:49,912: INFO  Timer.cc:90:poll timeout

2015-11-12 17:27:50,514: INFO  Timer.cc:90:poll timeout

2015-11-12 17:27:51,247: INFO  Timer.cc:90:poll timeout

2015-11-12 17:27:51,848: INFO  Timer.cc:90:poll timeout

2015-11-12 17:27:52,452: INFO  Timer.cc:90:poll timeout

2015-11-12 17:27:53,053: INFO  Timer.cc:90:poll timeout

2015-11-12 17:27:53,655: INFO  Timer.cc:90:poll timeout

2015-11-12 17:27:54,256: INFO  Timer.cc:90:poll timeout

2015-11-12 17:27:54,860: INFO  Timer.cc:90:poll timeout

2015-11-12 17:27:55,462: INFO  Timer.cc:90:poll timeout

2015-11-12 17:27:56,250: INFO  Timer.cc:90:poll timeout

2015-11-12 17:27:56,852: INFO  Timer.cc:90:poll timeout

2015-11-12 17:27:57,453: INFO  Timer.cc:90:poll timeout

2015-11-12 17:27:58,060: INFO  Timer.cc:90:poll timeout

2015-11-12 17:27:58,662: INFO  Timer.cc:90:poll timeout

2015-11-12 17:27:59,265: INFO  Timer.cc:90:poll timeout

2015-11-12 17:27:59,866: INFO  Timer.cc:90:poll timeout

2015-11-12 17:28:00,467: INFO  Timer.cc:90:poll timeout

2015-11-12 17:28:01,249: INFO  Timer.cc:90:poll timeout

2015-11-12 17:28:01,851: INFO  Timer.cc:90:poll timeout

2015-11-12 17:28:02,453: INFO  Timer.cc:90:poll timeout

2015-11-12 17:28:03,054: INFO  Timer.cc:90:poll timeout

2015-11-12 17:28:03,655: INFO  Timer.cc:90:poll timeout

2015-11-12 17:28:04,257: INFO  Timer.cc:90:poll timeout

2015-11-12 17:28:04,858: INFO  Timer.cc:90:poll timeout

2015-11-12 17:28:05,461: INFO  Timer.cc:90:poll timeout

2015-11-12 17:28:06,249: INFO  Timer.cc:90:poll timeout

2015-11-12 17:28:06,851: INFO  Timer.cc:90:poll timeout

2015-11-12 17:28:07,452: INFO  Timer.cc:90:poll timeout

2015-11-12 17:28:08,053: INFO  Timer.cc:90:poll timeout

2015-11-12 17:28:08,657: INFO  Timer.cc:90:poll timeout

2015-11-12 17:28:09,262: INFO  Timer.cc:90:poll timeout

2015-11-12 17:28:09,865: INFO  Timer.cc:90:poll timeout

2015-11-12 17:28:10,478: INFO  Timer.cc:90:poll timeout

2015-11-12 17:28:11,271: INFO  Timer.cc:90:poll timeout

2015-11-12 17:28:11,875: INFO  Timer.cc:90:poll timeout

2015-11-12 17:28:12,484: INFO  Timer.cc:90:poll timeout

2015-11-12 17:28:13,097: INFO  Timer.cc:90:poll timeout

2015-11-12 17:28:13,712: INFO  Timer.cc:90:poll timeout

2015-11-12 17:28:14,314: INFO  Timer.cc:90:poll timeout

2015-11-12 17:28:14,916: INFO  Timer.cc:90:poll timeout

2015-11-12 17:28:15,517: INFO  Timer.cc:90:poll timeout

2015-11-12 17:28:16,261: INFO  Timer.cc:90:poll timeout

2015-11-12 17:28:16,870: INFO  Timer.cc:90:poll timeout

2015-11-12 17:28:17,478: INFO  Timer.cc:90:poll timeout

2015-11-12 17:28:18,091: INFO  Timer.cc:90:poll timeout

2015-11-12 17:28:18,697: INFO  Timer.cc:90:poll timeout

2015-11-12 17:28:19,303: INFO  Timer.cc:90:poll timeout

2015-11-12 17:28:19,910: INFO  Timer.cc:90:poll timeout

2015-11-12 17:28:20,528: INFO  Timer.cc:90:poll timeout

2015-11-12 17:28:21,259: INFO  Timer.cc:90:poll timeout

2015-11-12 17:28:21,861: INFO  Timer.cc:90:poll timeout

2015-11-12 17:28:22,462: INFO  Timer.cc:90:poll timeout

2015-11-12 17:28:23,064: INFO  Timer.cc:90:poll timeout

2015-11-12 17:28:23,665: INFO  Timer.cc:90:poll timeout

2015-11-12 17:28:24,267: INFO  Timer.cc:90:poll timeout

2015-11-12 17:28:24,868: INFO  Timer.cc:90:poll timeout

2015-11-12 17:28:25,472: INFO  Timer.cc:90:poll timeout

2015-11-12 17:28:26,251: INFO  Timer.cc:90:poll timeout

2015-11-12 17:28:26,854: INFO  Timer.cc:90:poll timeout

2015-11-12 17:28:27,455: INFO  Timer.cc:90:poll timeout

2015-11-12 17:28:28,057: INFO  Timer.cc:90:poll timeout

2015-11-12 17:28:28,659: INFO  Timer.cc:90:poll timeout

2015-11-12 17:28:29,260: INFO  Timer.cc:90:poll timeout

2015-11-12 17:28:29,862: INFO  Timer.cc:90:poll timeout

2015-11-12 17:28:30,463: INFO  Timer.cc:90:poll timeout

2015-11-12 17:28:31,246: INFO  Timer.cc:90:poll timeout

2015-11-12 17:28:31,848: INFO  Timer.cc:90:poll timeout

2015-11-12 17:28:32,465: INFO  Timer.cc:90:poll timeout

2015-11-12 17:28:33,074: INFO  Timer.cc:90:poll timeout

2015-11-12 17:28:33,676: INFO  Timer.cc:90:poll timeout

2015-11-12 17:28:34,277: INFO  Timer.cc:90:poll timeout

2015-11-12 17:28:34,878: INFO  Timer.cc:90:poll timeout

2015-11-12 17:28:35,480: INFO  Timer.cc:90:poll timeout

2015-11-12 17:28:36,249: INFO  Timer.cc:90:poll timeout

2015-11-12 17:28:36,850: INFO  Timer.cc:90:poll timeout

2015-11-12 17:28:37,451: INFO  Timer.cc:90:poll timeout

2015-11-12 17:28:38,063: INFO  Timer.cc:90:poll timeout

2015-11-12 17:28:38,664: INFO  Timer.cc:90:poll timeout

2015-11-12 17:28:39,273: INFO  Timer.cc:90:poll timeout

2015-11-12 17:28:39,875: INFO  Timer.cc:90:poll timeout

2015-11-12 17:28:40,477: INFO  Timer.cc:90:poll timeout

2015-11-12 17:28:41,262: INFO  Timer.cc:90:poll timeout

2015-11-12 17:28:41,864: INFO  Timer.cc:90:poll timeout

2015-11-12 17:28:42,466: INFO  Timer.cc:90:poll timeout

2015-11-12 17:28:43,071: INFO  Timer.cc:90:poll timeout

2015-11-12 17:28:43,688: INFO  Timer.cc:90:poll timeout

2015-11-12 17:28:44,294: INFO  Timer.cc:90:poll timeout

2015-11-12 17:28:44,906: INFO  Timer.cc:90:poll timeout

2015-11-12 17:28:45,510: INFO  Timer.cc:90:poll timeout

2015-11-12 17:28:46,248: INFO  Timer.cc:90:poll timeout

2015-11-12 17:28:46,849: INFO  Timer.cc:90:poll timeout

2015-11-12 17:28:47,454: INFO  Timer.cc:90:poll timeout

2015-11-12 17:28:48,062: INFO  Timer.cc:90:poll timeout

2015-11-12 17:28:48,671: INFO  Timer.cc:90:poll timeout

2015-11-12 17:28:49,272: INFO  Timer.cc:90:poll timeout

2015-11-12 17:28:49,875: INFO  Timer.cc:90:poll timeout

2015-11-12 17:28:50,476: INFO  Timer.cc:90:poll timeout

2015-11-12 17:28:51,260: INFO  Timer.cc:90:poll timeout

2015-11-12 17:28:51,862: INFO  Timer.cc:90:poll timeout

2015-11-12 17:28:52,465: INFO  Timer.cc:90:poll timeout

2015-11-12 17:28:53,067: INFO  Timer.cc:90:poll timeout

2015-11-12 17:28:53,668: INFO  Timer.cc:90:poll timeout

2015-11-12 17:28:54,275: INFO  Timer.cc:90:poll timeout

2015-11-12 17:28:54,879: INFO  Timer.cc:90:poll timeout

2015-11-12 17:28:55,480: INFO  Timer.cc:90:poll timeout

2015-11-12 17:28:56,258: INFO  Timer.cc:90:poll timeout

2015-11-12 17:28:56,860: INFO  Timer.cc:90:poll timeout

2015-11-12 17:28:57,473: INFO  Timer.cc:90:poll timeout

2015-11-12 17:28:58,075: INFO  Timer.cc:90:poll timeout

2015-11-12 17:28:58,692: INFO  Timer.cc:90:poll timeout

2015-11-12 17:28:59,293: INFO  Timer.cc:90:poll timeout

2015-11-12 17:28:59,894: INFO  Timer.cc:90:poll timeout

2015-11-12 17:29:00,495: INFO  Timer.cc:90:poll timeout

2015-11-12 17:29:01,248: INFO  Timer.cc:90:poll timeout

2015-11-12 17:29:01,849: INFO  Timer.cc:90:poll timeout

2015-11-12 17:29:02,451: INFO  Timer.cc:90:poll timeout

2015-11-12 17:29:03,052: INFO  Timer.cc:90:poll timeout

2015-11-12 17:29:03,653: INFO  Timer.cc:90:poll timeout

2015-11-12 17:29:04,259: INFO  Timer.cc:90:poll timeout

2015-11-12 17:29:04,861: INFO  Timer.cc:90:poll timeout

2015-11-12 17:29:05,463: INFO  Timer.cc:90:poll timeout

2015-11-12 17:29:06,247: INFO  Timer.cc:90:poll timeout

2015-11-12 17:29:06,848: INFO  Timer.cc:90:poll timeout

2015-11-12 17:29:07,449: INFO  Timer.cc:90:poll timeout

2015-11-12 17:29:08,051: INFO  Timer.cc:90:poll timeout

2015-11-12 17:29:08,655: INFO  Timer.cc:90:poll timeout

2015-11-12 17:29:09,255: INFO  Timer.cc:90:poll timeout

2015-11-12 17:29:09,857: INFO  Timer.cc:90:poll timeout

2015-11-12 17:29:10,462: INFO  Timer.cc:90:poll timeout

2015-11-12 17:29:11,250: INFO  Timer.cc:90:poll timeout

2015-11-12 17:29:11,851: INFO  Timer.cc:90:poll timeout

2015-11-12 17:29:12,453: INFO  Timer.cc:90:poll timeout

2015-11-12 17:29:13,055: INFO  Timer.cc:90:poll timeout

2015-11-12 17:29:13,660: INFO  Timer.cc:90:poll timeout

2015-11-12 17:29:14,265: INFO  Timer.cc:90:poll timeout

2015-11-12 17:29:14,866: INFO  Timer.cc:90:poll timeout

2015-11-12 17:29:15,468: INFO  Timer.cc:90:poll timeout

2015-11-12 17:29:16,248: INFO  Timer.cc:90:poll timeout

2015-11-12 17:29:16,863: INFO  Timer.cc:90:poll timeout

2015-11-12 17:29:17,478: INFO  Timer.cc:90:poll timeout

2015-11-12 17:29:18,093: INFO  Timer.cc:90:poll timeout

2015-11-12 17:29:18,702: INFO  Timer.cc:90:poll timeout

2015-11-12 17:29:19,304: INFO  Timer.cc:90:poll timeout

2015-11-12 17:29:19,905: INFO  Timer.cc:90:poll timeout

2015-11-12 17:29:20,510: INFO  Timer.cc:90:poll timeout

2015-11-12 17:29:21,260: INFO  Timer.cc:90:poll timeout

2015-11-12 17:29:21,862: INFO  Timer.cc:90:poll timeout

2015-11-12 17:29:22,464: INFO  Timer.cc:90:poll timeout

2015-11-12 17:29:23,075: INFO  Timer.cc:90:poll timeout

2015-11-12 17:29:23,676: INFO  Timer.cc:90:poll timeout

2015-11-12 17:29:24,278: INFO  Timer.cc:90:poll timeout

2015-11-12 17:29:24,893: INFO  Timer.cc:90:poll timeout

2015-11-12 17:29:25,509: INFO  Timer.cc:90:poll timeout

2015-11-12 17:29:26,260: INFO  Timer.cc:90:poll timeout

2015-11-12 17:29:26,872: INFO  Timer.cc:90:poll timeout

2015-11-12 17:29:27,478: INFO  Timer.cc:90:poll timeout

2015-11-12 17:29:28,087: INFO  Timer.cc:90:poll timeout

2015-11-12 17:29:28,690: INFO  Timer.cc:90:poll timeout

2015-11-12 17:29:29,305: INFO  Timer.cc:90:poll timeout

2015-11-12 17:29:29,906: INFO  Timer.cc:90:poll timeout

2015-11-12 17:29:30,511: INFO  Timer.cc:90:poll timeout

2015-11-12 17:29:31,258: INFO  Timer.cc:90:poll timeout

2015-11-12 17:29:31,859: INFO  Timer.cc:90:poll timeout

2015-11-12 17:29:32,462: INFO  Timer.cc:90:poll timeout

2015-11-12 17:29:33,073: INFO  Timer.cc:90:poll timeout

2015-11-12 17:29:33,679: INFO  Timer.cc:90:poll timeout

2015-11-12 17:29:34,281: INFO  Timer.cc:90:poll timeout

2015-11-12 17:29:34,882: INFO  Timer.cc:90:poll timeout

2015-11-12 17:29:35,484: INFO  Timer.cc:90:poll timeout

2015-11-12 17:29:36,250: INFO  Timer.cc:90:poll timeout

2015-11-12 17:29:36,851: INFO  Timer.cc:90:poll timeout

2015-11-12 17:29:37,453: INFO  Timer.cc:90:poll timeout

2015-11-12 17:29:38,054: INFO  Timer.cc:90:poll timeout

2015-11-12 17:29:38,656: INFO  Timer.cc:90:poll timeout

2015-11-12 17:29:39,261: INFO  Timer.cc:90:poll timeout

2015-11-12 17:29:39,863: INFO  Timer.cc:90:poll timeout

2015-11-12 17:29:40,491: INFO  Timer.cc:90:poll timeout

2015-11-12 17:29:41,251: INFO  Timer.cc:90:poll timeout

2015-11-12 17:29:41,854: INFO  Timer.cc:90:poll timeout

2015-11-12 17:29:42,456: INFO  Timer.cc:90:poll timeout

2015-11-13 11:07:09,217: ERROR  Diction.cc:97:loadOriginFile
2015-11-13 11:08:00,803: ERROR  Diction.cc:98:loadOriginFile
2015-11-13 11:08:38,071: ERROR  Diction.cc:98:loadOriginFile
2015-11-13 14:33:38,605: ERROR  Diction.cc:61:TraverseDir
2015-11-13 14:36:59,019: ERROR  Diction.cc:61:TraverseDir
2015-11-13 14:37:53,496: ERROR  Diction.cc:61:TraverseDir
2015-11-13 14:46:41,045: ERROR  Diction.cc:61:TraverseDir
2015-11-13 14:47:04,862: ERROR  Diction.cc:61:TraverseDir
2015-11-13 14:47:20,515: ERROR  Diction.cc:61:TraverseDir
2015-11-13 14:50:05,157: ERROR  Diction.cc:61:TraverseDir
2015-11-13 14:50:30,557: ERROR  Diction.cc:61:TraverseDir
2015-11-13 14:52:10,537: ERROR  Diction.cc:61:TraverseDir
2015-11-13 15:51:26,715: ERROR  Index.cc:100:loadIndexVecFromDictFile
2015-11-13 15:53:39,323: ERROR  Index.cc:100:loadIndexVecFromDictFile
2015-11-13 15:55:41,540: ERROR  Index.cc:100:loadIndexVecFromDictFile
2015-11-13 16:00:26,934: ERROR  Index.cc:100:loadIndexVecFromDictFile
2015-11-13 17:04:18,207: INFO  EpollPoller.cc:76:recvPeek
2015-11-13 17:12:57,972: INFO  EpollPoller.cc:76:recvPeek
2015-11-13 17:12:57,972: WARN  Task.cc:59:checkQueryWord
2015-11-13 17:12:57,973: ERROR  Socket.cc:111:shutdown error
2015-11-13 17:19:23,976: WARN  Task.cc:59:checkQueryWord
2015-11-13 17:37:32,197: INFO  EpollPoller.cc:76:recvPeek
2015-11-16 11:08:40,337: INFO  ./src/EpollPoller.cc:76:recvPeek
2015-11-16 17:27:10,147: INFO  ./src/EpollPoller.cc:76:recvPeek
2015-11-16 17:36:37,975: INFO  ./src/EpollPoller.cc:76:recvPeek
2015-11-16 17:37:58,145: INFO  ./src/EpollPoller.cc:76:recvPeek
2015-11-16 20:02:00,598: INFO  ./src/EpollPoller.cc:76:recvPeek
2015-11-16 23:36:28,749: INFO  ./src/EpollPoller.cc:76:recvPeek
2015-11-17 09:44:50,926: INFO  ./src/EpollPoller.cc:76:recvPeek
2015-11-17 10:59:10,001: INFO  ./src/EpollPoller.cc:76:recvPeek
2015-11-17 11:06:47,851: INFO  ./src/EpollPoller.cc:76:recvPeek
2015-11-17 11:07:07,720: INFO  ./src/EpollPoller.cc:201:handleMessage isClosed
2015-11-17 11:07:22,399: INFO  ./src/EpollPoller.cc:76:recvPeek
2015-11-17 11:08:01,367: INFO  ./src/EpollPoller.cc:76:recvPeek
2015-11-17 11:08:01,368: INFO  ./src/EpollPoller.cc:201:handleMessage isClosed
2015-11-17 11:08:01,369: ERROR  ./src/Socket.cc:111:shutdown error
2015-11-17 12:50:36,006: INFO  ./src/EpollPoller.cc:201:handleMessage isClosed
2015-11-17 12:52:29,987: INFO  ./src/EpollPoller.cc:201:handleMessage isClosed
2015-11-17 13:14:56,564: INFO  ./src/EpollPoller.cc:201:handleMessage isClosed
2015-11-17 13:32:01,944: INFO  ./src/main.cc:58:load index_CN file
2015-11-17 13:32:01,995: INFO  ./src/main.cc:76:load index_EN file
2015-11-17 13:37:29,148: INFO  ./src/EpollPoller.cc:201:handleMessage isClosed
2015-11-17 13:46:46,207: INFO  ./src/main.cc:57:load index_CN file
2015-11-17 13:46:46,255: INFO  ./src/main.cc:75:load index_EN file
2015-11-17 13:47:42,561: INFO  ./src/main.cc:47:load source_CN file
2015-11-17 13:47:43,350: INFO  ./src/main.cc:65:load source_EN file
2015-11-17 13:48:00,458: INFO  ./src/main.cc:97:192.168.4.10:8888 -> 192.168.4.10:48849
2015-11-17 13:48:13,841: INFO  ./src/EpollPoller.cc:200:handleMessage isClosed
2015-11-17 13:48:13,841: INFO  ./src/main.cc:111:192.168.4.10:8888 -> 192.168.4.10:48849 close
2015-11-17 13:49:10,440: INFO  ./src/main.cc:97:192.168.4.10:8888 -> 192.168.4.10:48850
2015-11-17 13:50:30,958: INFO  ./src/EpollPoller.cc:200:handleMessage isClosed
2015-11-17 13:50:30,959: INFO  ./src/main.cc:111:192.168.4.10:8888 -> 192.168.4.10:48850 close
2015-11-17 13:50:36,904: INFO  ./src/main.cc:97:192.168.4.10:8888 -> 192.168.4.10:48851
2015-11-17 13:50:38,743: INFO  ./src/EpollPoller.cc:200:handleMessage isClosed
2015-11-17 13:50:38,744: INFO  ./src/main.cc:111:192.168.4.10:8888 -> 192.168.4.10:48851 close
2015-11-17 23:30:23,279: INFO  ./src/main.cc:57:load index_CN file
2015-11-17 23:30:23,482: INFO  ./src/main.cc:75:load index_EN file
2015-11-17 23:30:28,239: INFO  ./src/main.cc:97:192.168.4.10:8888 -> 192.168.4.10:48856
2015-11-17 23:32:03,308: INFO  ./src/main.cc:57:load index_CN file
2015-11-17 23:32:03,365: INFO  ./src/main.cc:75:load index_EN file
2015-11-17 23:32:06,438: INFO  ./src/main.cc:97:192.168.4.10:8888 -> 192.168.4.10:48858
2015-11-17 23:33:16,739: INFO  ./src/main.cc:111:192.168.4.10:8888 -> 192.168.4.10:48858 close
2015-11-18 00:05:34,916: INFO  ./src/main.cc:57:load index_CN file
2015-11-18 00:05:34,971: INFO  ./src/main.cc:75:load index_EN file
2015-11-18 00:06:21,122: INFO  ./src/main.cc:97:192.168.4.10:8888 -> 192.168.4.10:48859
2015-11-18 00:06:59,184: INFO  ./src/main.cc:111:192.168.4.10:8888 -> 192.168.4.10:48859 close
2015-11-18 00:12:38,194: INFO  ./src/main.cc:57:load index_CN file
2015-11-18 00:12:38,247: INFO  ./src/main.cc:75:load index_EN file
2015-11-18 00:12:40,509: INFO  ./src/main.cc:97:192.168.4.10:8888 -> 192.168.4.10:48861
2015-11-18 00:17:32,141: INFO  ./src/main.cc:57:load index_CN file
2015-11-18 00:17:32,196: INFO  ./src/main.cc:75:load index_EN file
2015-11-18 00:17:34,872: INFO  ./src/main.cc:97:192.168.4.10:8888 -> 192.168.4.10:48862
2015-11-18 00:18:37,893: INFO  ./src/main.cc:111:192.168.4.10:8888 -> 192.168.4.10:48862 close
2015-11-18 00:19:19,561: INFO  ./src/main.cc:57:load index_CN file
2015-11-18 00:19:19,617: INFO  ./src/main.cc:65:load source_EN file
2015-11-18 00:19:44,609: INFO  ./src/main.cc:97:192.168.4.10:8888 -> 192.168.4.10:48863
2015-11-18 00:20:58,157: INFO  ./src/Task.cc:292:illegal query word
2015-11-18 00:25:05,141: INFO  ./src/main.cc:57:load index_CN file
2015-11-18 00:25:05,196: INFO  ./src/main.cc:75:load index_EN file
2015-11-18 00:25:11,541: INFO  ./src/main.cc:97:192.168.4.10:8888 -> 192.168.4.10:48864
2015-11-18 00:25:52,486: INFO  ./src/Task.cc:292:illegal query word
2015-11-18 00:30:08,419: INFO  ./src/main.cc:57:load index_CN file
2015-11-18 00:30:08,472: INFO  ./src/main.cc:75:load index_EN file
2015-11-18 00:30:10,989: INFO  ./src/main.cc:97:192.168.4.10:8888 -> 192.168.4.10:48866
2015-11-18 00:30:28,375: INFO  ./src/Task.cc:291:illegal query word
2015-11-18 00:32:41,184: INFO  ./src/main.cc:57:load index_CN file
2015-11-18 00:32:41,238: INFO  ./src/main.cc:75:load index_EN file
2015-11-18 00:32:44,377: INFO  ./src/main.cc:97:192.168.4.10:8888 -> 192.168.4.10:48867
2015-11-18 00:32:55,099: INFO  ./src/main.cc:111:192.168.4.10:8888 -> 192.168.4.10:48867 close
2015-11-18 00:32:56,971: INFO  ./src/main.cc:97:192.168.4.10:8888 -> 192.168.4.10:48868
2015-11-18 00:34:16,078: INFO  ./src/main.cc:57:load index_CN file
2015-11-18 00:34:16,124: INFO  ./src/main.cc:75:load index_EN file
2015-11-18 00:34:20,577: INFO  ./src/main.cc:97:192.168.4.10:8888 -> 192.168.4.10:48869
2015-11-18 00:34:44,263: INFO  ./src/Task.cc:292:illegal query word
2015-11-18 08:37:26,014: INFO  ./src/main.cc:57:load index_CN file
2015-11-18 08:37:26,115: INFO  ./src/main.cc:75:load index_EN file
2015-11-18 08:38:49,810: INFO  ./src/main.cc:97:192.168.4.6:8888 -> 192.168.4.6:54189
2015-11-18 08:39:19,826: INFO  ./src/Task.cc:293:illegal query word
2015-11-18 08:39:28,174: INFO  ./src/main.cc:111:192.168.4.6:8888 -> 192.168.4.6:54189 close
2015-11-18 08:42:02,641: INFO  ./src/main.cc:57:load index_CN file
2015-11-18 08:42:02,686: INFO  ./src/main.cc:75:load index_EN file
2015-11-18 08:42:05,498: INFO  ./src/main.cc:97:192.168.4.6:8888 -> 192.168.4.6:54190
2015-11-18 08:42:17,282: INFO  ./src/Task.cc:293:illegal query word
2015-11-18 08:44:13,281: INFO  ./src/main.cc:57:load index_CN file
2015-11-18 08:44:13,328: INFO  ./src/main.cc:75:load index_EN file
2015-11-18 08:44:15,399: INFO  ./src/main.cc:97:192.168.4.6:8888 -> 192.168.4.6:54191
2015-11-18 08:44:23,809: INFO  ./src/Task.cc:294:illegal query word
2015-11-18 08:44:42,193: INFO  ./src/Task.cc:294:illegal query word
2015-11-18 08:51:24,289: INFO  ./src/main.cc:57:load index_CN file
2015-11-18 08:51:24,361: INFO  ./src/main.cc:75:load index_EN file
2015-11-18 08:51:26,183: INFO  ./src/main.cc:97:192.168.4.6:8888 -> 192.168.4.6:54195
2015-11-18 08:51:35,371: INFO  ./src/Task.cc:297:illegal query word
2015-11-18 09:02:38,789: INFO  ./src/main.cc:111:192.168.4.6:8888 -> 192.168.4.6:54195 close
2015-11-18 09:03:30,564: INFO  ./src/main.cc:57:load index_CN file
2015-11-18 09:03:30,622: INFO  ./src/main.cc:75:load index_EN file
2015-11-18 09:03:32,429: INFO  ./src/main.cc:97:192.168.4.6:8888 -> 192.168.4.6:54196
2015-11-18 09:03:50,397: INFO  ./src/main.cc:111:192.168.4.6:8888 -> 192.168.4.6:54196 close
2015-11-18 09:05:18,877: INFO  ./src/main.cc:57:load index_CN file
2015-11-18 09:05:18,923: INFO  ./src/main.cc:75:load index_EN file
2015-11-18 09:05:20,923: INFO  ./src/main.cc:97:192.168.4.6:8888 -> 192.168.4.6:54197
2015-11-18 09:06:15,417: INFO  ./src/main.cc:111:192.168.4.6:8888 -> 192.168.4.6:54197 close
2015-11-18 09:28:05,259: INFO  ./src/main.cc:57:load index_CN file
2015-11-18 09:28:05,313: INFO  ./src/main.cc:75:load index_EN file
2015-11-18 09:28:07,432: INFO  ./src/main.cc:97:192.168.4.6:8888 -> 192.168.4.6:54198
2015-11-18 09:45:50,309: INFO  ./src/main.cc:111:192.168.4.6:8888 -> 192.168.4.6:54198 close
2015-11-18 09:45:52,896: INFO  ./src/main.cc:97:192.168.4.6:8888 -> 192.168.4.6:54199
2015-11-18 09:45:59,741: INFO  ./src/main.cc:111:192.168.4.6:8888 -> 192.168.4.6:54199 close
2015-11-18 09:46:36,905: INFO  ./src/main.cc:97:192.168.4.6:8888 -> 192.168.4.6:54200
2015-11-18 09:46:41,174: INFO  ./src/main.cc:111:192.168.4.6:8888 -> 192.168.4.6:54200 close
2015-11-18 09:46:42,066: INFO  ./src/main.cc:97:192.168.4.6:8888 -> 192.168.4.6:54201
2015-11-18 09:46:44,922: INFO  ./src/main.cc:111:192.168.4.6:8888 -> 192.168.4.6:54201 close
2015-11-19 11:06:55,749: INFO  ./src/main.cc:57:load index_CN file
2015-11-19 11:06:56,208: INFO  ./src/main.cc:75:load index_EN file
2015-11-19 11:08:11,015: INFO  ./src/main.cc:57:load index_CN file
2015-11-19 11:08:11,110: INFO  ./src/main.cc:75:load index_EN file
2015-11-19 17:32:43,346: INFO  ./src/main.cc:97:192.168.4.7:8888 -> 192.168.4.7:53771
2015-11-19 17:40:22,978: INFO  ./src/main.cc:111:192.168.4.7:8888 -> 192.168.4.7:53771 close
2015-11-19 17:40:45,790: INFO  ./src/main.cc:97:192.168.4.7:8888 -> 192.168.4.7:53772
2015-11-19 18:13:08,075: INFO  ./src/main.cc:111:192.168.4.7:8888 -> 192.168.4.7:53772 close
2015-11-19 18:13:13,205: INFO  ./src/main.cc:97:192.168.4.7:8888 -> 192.168.4.7:53773
2015-11-19 18:17:58,708: INFO  ./src/main.cc:111:192.168.4.7:8888 -> 192.168.4.7:53773 close
2015-11-19 18:18:20,404: INFO  ./src/main.cc:97:192.168.4.7:8888 -> 192.168.4.7:53774
2015-11-19 18:18:34,827: INFO  ./src/main.cc:111:192.168.4.7:8888 -> 192.168.4.7:53774 close
2015-11-19 18:18:41,348: INFO  ./src/main.cc:97:192.168.4.7:8888 -> 192.168.4.7:53775
2015-11-19 18:19:07,338: INFO  ./src/main.cc:111:192.168.4.7:8888 -> 192.168.4.7:53775 close
2015-11-19 18:19:14,042: INFO  ./src/main.cc:97:192.168.4.7:8888 -> 192.168.4.7:53776
